#
# There is insufficient memory for the Java Runtime Environment to continue.
# Native memory allocation (mmap) failed to map 132120576 bytes for G1 virtual space
# Possible reasons:
#   The system is out of physical RAM or swap space
#   The process is running with CompressedOops enabled, and the Java Heap may be blocking the growth of the native heap
# Possible solutions:
#   Reduce memory load on the system
#   Increase physical memory or swap space
#   Check if swap backing store is full
#   Decrease Java heap size (-Xmx/-Xms)
#   Decrease number of Java threads
#   Decrease Java thread stack sizes (-Xss)
#   Set larger code cache with -XX:ReservedCodeCacheSize=
#   JVM is running with Unscaled Compressed Oops mode in which the Java heap is
#     placed in the first 4GB address space. The Java Heap base address is the
#     maximum limit for the native heap growth. Please use -XX:HeapBaseMinAddress
#     to set the Java Heap base and to place the Java Heap above 4GB virtual address.
# This output file may be truncated or incomplete.
#
#  Out of Memory Error (os_windows.cpp:3469), pid=17640, tid=10272
#
# JRE version:  (17.0.1+12) (build )
# Java VM: Java HotSpot(TM) 64-Bit Server VM (17.0.1+12-LTS-39, mixed mode, sharing, tiered, compressed oops, compressed class ptrs, g1 gc, windows-amd64)
# No core dump will be written. Minidumps are not enabled by default on client versions of Windows
#

---------------  S U M M A R Y ------------

Command Line: -Dfile.encoding=MS949 -XX:+ShowCodeDetailsInExceptionMessages JavaUdpEchoClientMain

Host: Intel(R) Core(TM) i7-7500U CPU @ 2.70GHz, 4 cores, 7G,  Windows 10 , 64 bit Build 19041 (10.0.19041.1348)
Time: Wed Dec  1 17:27:31 2021  Windows 10 , 64 bit Build 19041 (10.0.19041.1348) elapsed time: 0.031046 seconds (0d 0h 0m 0s)

---------------  T H R E A D  ---------------

Current thread (0x000001d2258ed800):  JavaThread "Unknown thread" [_thread_in_vm, id=10272, stack(0x00000073e0d00000,0x00000073e0e00000)]

Stack: [0x00000073e0d00000,0x00000073e0e00000]
Native frames: (J=compiled Java code, j=interpreted, Vv=VM code, C=native code)
V  [jvm.dll+0x66fa1a]
V  [jvm.dll+0x7ce5a4]
V  [jvm.dll+0x7cfd4e]
V  [jvm.dll+0x7d03b3]
V  [jvm.dll+0x242b05]
V  [jvm.dll+0x66ca39]
V  [jvm.dll+0x661502]
V  [jvm.dll+0x30081b]
V  [jvm.dll+0x307da6]
V  [jvm.dll+0x357a1e]
V  [jvm.dll+0x357c4f]
V  [jvm.dll+0x2d7ad8]
V  [jvm.dll+0x2d8a44]
V  [jvm.dll+0x7a01e1]
V  [jvm.dll+0x365791]
V  [jvm.dll+0x77f6cc]
V  [jvm.dll+0x3e812f]
V  [jvm.dll+0x3e9bd1]
C  [jli.dll+0x527b]
C  [ucrtbase.dll+0x21bb2]
C  [KERNEL32.DLL+0x17034]
C  [ntdll.dll+0x52651]


---------------  P R O C E S S  ---------------

Threads class SMR info:
_java_thread_list=0x00007ff8db187818, length=0, elements={
}

Java Threads: ( => current thread )

Other Threads:
  0x000001d22592c6a0 GCTaskThread "GC Thread#0" [stack: 0x00000073e0e00000,0x00000073e0f00000] [id=23452]
  0x000001d22593e0c0 ConcurrentGCThread "G1 Main Marker" [stack: 0x00000073e0f00000,0x00000073e1000000] [id=22408]
  0x000001d22593e9e0 ConcurrentGCThread "G1 Conc#0" [stack: 0x00000073e1000000,0x00000073e1100000] [id=17012]

[error occurred during error reporting (printing all threads), id 0xc0000005, EXCEPTION_ACCESS_VIOLATION (0xc0000005) at pc=0x00007ff8da9d84b7]

VM state: not at safepoint (not fully initialized)

VM Mutex/Monitor currently owned by a thread:  ([mutex/lock_event])
[0x000001d2258e7dd0] Heap_lock - owner thread: 0x000001d2258ed800

Heap address: 0x0000000082200000, size: 2014 MB, Compressed Oops mode: 32-bit

CDS archive(s) mapped at: [0x0000000000000000-0x0000000000000000-0x0000000000000000), size 0, SharedBaseAddress: 0x0000000800000000, ArchiveRelocationMode: 0.
Narrow klass base: 0x0000000000000000, Narrow klass shift: 0, Narrow klass range: 0x0

GC Precious Log:
<Empty>

Heap:
 garbage-first heap   total 0K, used 0K [0x0000000082200000, 0x0000000100000000)
  region size 1024K, 0 young (0K), 0 survivors (0K)

[error occurred during error reporting (printing heap information), id 0xc0000005, EXCEPTION_ACCESS_VIOLATION (0xc0000005) at pc=0x00007ff8dadb8d89]

GC Heap History (0 events):
No events

Deoptimization events (0 events):
No events

Classes unloaded (0 events):
No events

Classes redefined (0 events):
No events

Internal exceptions (0 events):
No events

VM Operations (0 events):
No events

Events (1 events):
Event: 0.021 Loaded shared library C:\Program Files\Java\jdk-17.0.1\bin\java.dll


Dynamic libraries:
0x00007ff63cb70000 - 0x00007ff63cb80000 	C:\Program Files\Java\jdk-17.0.1\bin\javaw.exe
0x00007ff937f70000 - 0x00007ff938165000 	C:\WINDOWS\SYSTEM32\ntdll.dll
0x00007ff937cf0000 - 0x00007ff937dae000 	C:\WINDOWS\System32\KERNEL32.DLL
0x00007ff9358b0000 - 0x00007ff935b78000 	C:\WINDOWS\System32\KERNELBASE.dll
0x00007ff935ec0000 - 0x00007ff935fc0000 	C:\WINDOWS\System32\ucrtbase.dll
0x00007ff904770000 - 0x00007ff904788000 	C:\Program Files\Java\jdk-17.0.1\bin\jli.dll
0x00007ff936100000 - 0x00007ff9361ac000 	C:\WINDOWS\System32\ADVAPI32.dll
0x00007ff937270000 - 0x00007ff93730e000 	C:\WINDOWS\System32\msvcrt.dll
0x00007ff936560000 - 0x00007ff9365fb000 	C:\WINDOWS\System32\sechost.dll
0x00007ff937310000 - 0x00007ff93743a000 	C:\WINDOWS\System32\RPCRT4.dll
0x00007ff9367c0000 - 0x00007ff936961000 	C:\WINDOWS\System32\USER32.dll
0x00007ff935880000 - 0x00007ff9358a2000 	C:\WINDOWS\System32\win32u.dll
0x00007ff937240000 - 0x00007ff93726b000 	C:\WINDOWS\System32\GDI32.dll
0x00007ff935690000 - 0x00007ff93579b000 	C:\WINDOWS\System32\gdi32full.dll
0x00007ff935d40000 - 0x00007ff935ddd000 	C:\WINDOWS\System32\msvcp_win.dll
0x00007ff911b00000 - 0x00007ff911b1a000 	C:\Program Files\Java\jdk-17.0.1\bin\VCRUNTIME140.dll
0x00007ff921220000 - 0x00007ff9214ba000 	C:\WINDOWS\WinSxS\amd64_microsoft.windows.common-controls_6595b64144ccf1df_6.0.19041.1110_none_60b5254171f9507e\COMCTL32.dll
0x00007ff926c60000 - 0x00007ff926c6a000 	C:\WINDOWS\SYSTEM32\VERSION.dll
0x00007ff9361b0000 - 0x00007ff9361e0000 	C:\WINDOWS\System32\IMM32.DLL
0x00007ff9210c0000 - 0x00007ff9210cc000 	C:\Program Files\Java\jdk-17.0.1\bin\vcruntime140_1.dll
0x00007ff9017e0000 - 0x00007ff90186d000 	C:\Program Files\Java\jdk-17.0.1\bin\msvcp140.dll
0x00007ff8da6f0000 - 0x00007ff8db2ae000 	C:\Program Files\Java\jdk-17.0.1\bin\server\jvm.dll
0x00007ff936550000 - 0x00007ff936558000 	C:\WINDOWS\System32\PSAPI.DLL
0x00007ff920300000 - 0x00007ff920309000 	C:\WINDOWS\SYSTEM32\WSOCK32.dll
0x00007ff937db0000 - 0x00007ff937e1b000 	C:\WINDOWS\System32\WS2_32.dll
0x00007ff921dc0000 - 0x00007ff921de7000 	C:\WINDOWS\SYSTEM32\WINMM.dll
0x00007ff933f10000 - 0x00007ff933f22000 	C:\WINDOWS\SYSTEM32\kernel.appcore.dll
0x00007ff90c580000 - 0x00007ff90c58a000 	C:\Program Files\Java\jdk-17.0.1\bin\jimage.dll
0x00007ff933be0000 - 0x00007ff933dc4000 	C:\WINDOWS\SYSTEM32\DBGHELP.DLL
0x00007ff91f680000 - 0x00007ff91f6ac000 	C:\WINDOWS\SYSTEM32\dbgcore.DLL
0x00007ff9357f0000 - 0x00007ff935873000 	C:\WINDOWS\System32\bcryptPrimitives.dll
0x00007ff9018f0000 - 0x00007ff901915000 	C:\Program Files\Java\jdk-17.0.1\bin\java.dll

dbghelp: loaded successfully - version: 4.0.5 - missing functions: none
symbol engine: initialized successfully - sym options: 0x614 - pdb path: .;C:\Program Files\Java\jdk-17.0.1\bin;C:\WINDOWS\SYSTEM32;C:\WINDOWS\WinSxS\amd64_microsoft.windows.common-controls_6595b64144ccf1df_6.0.19041.1110_none_60b5254171f9507e;C:\Program Files\Java\jdk-17.0.1\bin\server

VM Arguments:
jvm_args: -Dfile.encoding=MS949 -XX:+ShowCodeDetailsInExceptionMessages 
java_command: JavaUdpEchoClientMain
java_class_path (initial): C:\Users\JW\Desktop\3학년 2학기\네트워크프로그래밍 - 정인환교수님\테스트-UDP\JavaUdpEchoClient\bin
Launcher Type: SUN_STANDARD

[Global flags]
     intx CICompilerCount                          = 3                                         {product} {ergonomic}
     uint ConcGCThreads                            = 1                                         {product} {ergonomic}
     uint G1ConcRefinementThreads                  = 4                                         {product} {ergonomic}
   size_t G1HeapRegionSize                         = 1048576                                   {product} {ergonomic}
    uintx GCDrainStackTargetSize                   = 64                                        {product} {ergonomic}
   size_t InitialHeapSize                          = 132120576                                 {product} {ergonomic}
   size_t MarkStackSize                            = 4194304                                   {product} {ergonomic}
   size_t MaxHeapSize                              = 2111832064                                {product} {ergonomic}
   size_t MinHeapDeltaBytes                        = 1048576                                   {product} {ergonomic}
   size_t MinHeapSize                              = 8388608                                   {product} {ergonomic}
    uintx NonNMethodCodeHeapSize                   = 5832780                                {pd product} {ergonomic}
    uintx NonProfiledCodeHeapSize                  = 122912730                              {pd product} {ergonomic}
    uintx ProfiledCodeHeapSize                     = 122912730                              {pd product} {ergonomic}
    uintx ReservedCodeCacheSize                    = 251658240                              {pd product} {ergonomic}
     bool SegmentedCodeCache                       = true                                      {product} {ergonomic}
     bool ShowCodeDetailsInExceptionMessages       = true                                   {manageable} {command line}
   size_t SoftMaxHeapSize                          = 2111832064                             {manageable} {ergonomic}
     bool UseCompressedClassPointers               = true                           {product lp64_product} {ergonomic}
     bool UseCompressedOops                        = true                           {product lp64_product} {ergonomic}
     bool UseG1GC                                  = true                                      {product} {ergonomic}
     bool UseLargePagesIndividualAllocation        = false                                  {pd product} {ergonomic}

Logging:
Log output configuration:
 #0: stdout all=warning uptime,level,tags
 #1: stderr all=off uptime,level,tags

Environment Variables:
JAVA_HOME=C:\Program Files\Java\jdk-17.0.1
PATH=C:/Program Files/Java/jdk-11.0.10/bin/server;C:/Program Files/Java/jdk-11.0.10/bin;C:\Program Files (x86)\VMware\VMware Workstation\bin\;C:\Program Files\Common Files\Oracle\Java\javapath;C:\oraclexe\app\oracle\product\11.2.0\server\bin;C:\Program Files (x86)\Common Files\Oracle\Java\javapath;C:\Program Files\Microsoft MPI\Bin\;C:\Program Files (x86)\Intel\iCLS Client\;C:\Program Files\Intel\iCLS Client\;C:\WINDOWS\system32;C:\WINDOWS;C:\WINDOWS\System32\Wbem;C:\WINDOWS\System32\WindowsPowerShell\v1.0\;C:\Program Files (x86)\Intel\Intel(R) Management Engine Components\DAL;C:\Program Files\Intel\Intel(R) Management Engine Components\DAL;C:\Program Files (x86)\Intel\Intel(R) Management Engine Components\IPT;C:\Program Files\Intel\Intel(R) Management Engine Components\IPT;C:\Program Files\Intel\WiFi\bin\;C:\Program Files\Common Files\Intel\WirelessCommon\;C:\Program Files\dotnet\;C:\Program Files\Microsoft SQL Server\130\Tools\Binn\;C:\Program Files\PuTTY\;C:\WINDOWS\System32\OpenSSH\;C:\Go\bin;C:\Users\JW\AppData\Local\Programs\Python\Python36-32;C:\Users\JW\Desktop\My Java Workspace;C:\Program Files\Java\jdk-17.0.1\bin;C:\dev\workspace;C:\Program Files\apache-maven-3.8.2\bin;C:\flutter\bin;C:\Program Files\MySQL\MySQL Shell 8.0\bin\;C:\Program Files\OpenCV4.4.0\build\x64\vc15\bin;C:\Users\JW\AppData\Local\Programs\Python\Python36-32\Scripts\;C:\Users\JW\AppData\Local\Programs\Python\Python36-32\;C:\Users\JW\AppData\Local\Microsoft\WindowsApps;C:\Users\JW\go\bin;C:\Users\JW\AppData\Local\atom\bin;C:\Users\JW\Desktop\My Java Workspace;C:\Users\JW\AppData\Local\Microsoft\WindowsApps;C:\dev\workspace;C:\flutter\bin;;C:\Users\JW\Desktop\jee-2020-12\eclipse;
USERNAME=JW
OS=Windows_NT
PROCESSOR_IDENTIFIER=Intel64 Family 6 Model 142 Stepping 9, GenuineIntel



---------------  S Y S T E M  ---------------

OS:
 Windows 10 , 64 bit Build 19041 (10.0.19041.1348)
OS uptime: 2 days 0:23 hours

CPU: total 4 (initial active 4) (2 cores per cpu, 2 threads per core) family 6 model 142 stepping 9 microcode 0xb4, cx8, cmov, fxsr, ht, mmx, 3dnowpref, sse, sse2, sse3, ssse3, sse4.1, sse4.2, popcnt, lzcnt, tsc, tscinvbit, avx, avx2, aes, erms, clmul, bmi1, bmi2, adx, fma, vzeroupper, clflush, clflushopt

Memory: 4k page, system-wide physical 8051M (1017M free)
TotalPageFile size 9953M (AvailPageFile size 63M)
current process WorkingSet (physical memory assigned to process): 10M, peak: 10M
current process commit charge ("private bytes"): 51M, peak: 177M

vm_info: Java HotSpot(TM) 64-Bit Server VM (17.0.1+12-LTS-39) for windows-amd64 JRE (17.0.1+12-LTS-39), built on Sep 27 2021 18:41:35 by "mach5one" with MS VC++ 16.8 (VS2019)

END.
